<?xml version="1.0" encoding="UTF-8"?>
<!-- Generated by org.testng.reporters.JUnitReportReporter -->
<testsuite hostname="REM-LT-210419C" failures="0" tests="2" name="exercise.TestCase" time="177.882" errors="0" timestamp="01 Jun 2021 01:28:13 GMT" skipped="0">
  <testcase classname="exercise.TestCase" name="testCase1" time="113.208"/>
  <testcase classname="exercise.TestCase" name="testCase2" time="64.674"/>
</testsuite> <!-- exercise.TestCase -->
